<?xml version="1.0" encoding="UTF-8"?>
<!-- Generated by org.testng.reporters.JUnitReportReporter -->
<testsuite skipped="0" hostname="GS-3445" name="testcases.api.TestGetRequest" tests="1" failures="0" timestamp="21 Apr 2020 11:49:41 GMT" time="4.223" errors="0">
  <testcase name="getAllHeaders" time="4.223" classname="testcases.api.TestGetRequest"/>
</testsuite> <!-- testcases.api.TestGetRequest -->
