<?xml version="1.0" encoding="UTF-8"?>
<!-- Generated by org.testng.reporters.JUnitReportReporter -->
<testsuite skipped="0" hostname="GS-3445" name="testcases.api.TestPostRequest" tests="1" failures="0" timestamp="21 Apr 2020 11:30:39 GMT" time="3.250" errors="0">
  <testcase name="postRequestWithHeader" time="3.250" classname="testcases.api.TestPostRequest"/>
</testsuite> <!-- testcases.api.TestPostRequest -->
